<?xml version="1.0" encoding="UTF-8"?>
<!-- Generated by org.testng.reporters.JUnitReportReporter -->
<testsuite skipped="0" hostname="mac.local" name="sprint0.EmployeeSearchEdit" tests="1" failures="0" timestamp="05 Feb 2019 16:43:37 GMT" time="47.283" errors="0">
  <testcase name="testEditEmployeeNote" time="47.283" classname="sprint0.EmployeeSearchEdit"/>
</testsuite> <!-- sprint0.EmployeeSearchEdit -->
