<?xml version="1.0" encoding="UTF-8"?>
<!-- Generated by org.testng.reporters.JUnitReportReporter -->
<testsuite skipped="0" hostname="mac.local" name="sprint0.UserLogin" tests="6" failures="0" timestamp="05 Feb 2019 16:43:37 GMT" time="54.004" errors="0">
  <testcase name="testUserLogin_valid" time="16.503" classname="sprint0.UserLogin"/>
  <testcase name="testUserLogin_inValid" time="7.840" classname="sprint0.UserLogin"/>
  <testcase name="testUserLogin_inValid" time="8.190" classname="sprint0.UserLogin"/>
  <testcase name="testUserLogin_inValid" time="8.557" classname="sprint0.UserLogin"/>
  <testcase name="testUserLogin_inValid" time="6.316" classname="sprint0.UserLogin"/>
  <testcase name="testUserLogin_inValid" time="6.598" classname="sprint0.UserLogin"/>
</testsuite> <!-- sprint0.UserLogin -->
