<?xml version="1.0" encoding="UTF-8"?>
<!-- Generated by org.testng.reporters.JUnitReportReporter -->
<testsuite skipped="0" hostname="PDCLT01PC0UBVL7" name="sprint0.TravelRequest" tests="1" failures="0" timestamp="31 Jan 2019 09:33:44 GMT" time="24.893" errors="0">
  <testcase name="TravelRequestTab" time="24.893" classname="sprint0.TravelRequest"/>
</testsuite> <!-- sprint0.TravelRequest -->
