<?xml version="1.0" encoding="UTF-8"?>
<!-- Generated by org.testng.reporters.JUnitReportReporter -->
<testsuite skipped="0" hostname="mac.local" name="sprint0.EmployeeHomeFilter" tests="3" failures="0" timestamp="05 Feb 2019 16:43:37 GMT" time="79.531" errors="0">
  <testcase name="testFilterJobTitle" time="27.324" classname="sprint0.EmployeeHomeFilter"/>
  <testcase name="testFilterDepartment" time="27.363" classname="sprint0.EmployeeHomeFilter"/>
  <testcase name="testFilterSupervisor" time="24.844" classname="sprint0.EmployeeHomeFilter"/>
</testsuite> <!-- sprint0.EmployeeHomeFilter -->
