<?xml version="1.0" encoding="UTF-8"?>
<!-- Generated by org.testng.reporters.JUnitReportReporter -->
<testsuite skipped="0" hostname="PDCLT01PC0UBVL7" name="sprint0.iceHrmEmpSearch" tests="3" failures="0" timestamp="14 Jan 2019 06:28:07 GMT" time="88.810" errors="0">
  <testcase name="test_searchName" time="28.504" classname="sprint0.iceHrmEmpSearch"/>
  <testcase name="test_searchLastname" time="28.255" classname="sprint0.iceHrmEmpSearch"/>
  <testcase name="test_searchInvalid" time="32.051" classname="sprint0.iceHrmEmpSearch"/>
</testsuite> <!-- sprint0.iceHrmEmpSearch -->
