<?xml version="1.0" encoding="UTF-8"?>
<!-- Generated by org.testng.reporters.JUnitReportReporter -->
<testsuite skipped="0" hostname="mac.local" name="sprint0.DeactivatedEmployeeFilter" tests="1" failures="0" timestamp="05 Feb 2019 16:43:37 GMT" time="21.917" errors="0">
  <testcase name="testTerminateEmployee" time="21.917" classname="sprint0.DeactivatedEmployeeFilter"/>
</testsuite> <!-- sprint0.DeactivatedEmployeeFilter -->
