<?xml version="1.0" encoding="UTF-8"?>
<!-- Generated by org.testng.reporters.JUnitReportReporter -->
<testsuite skipped="0" hostname="mac.local" name="sprint0.EmployessAddEmployee" tests="20" failures="0" timestamp="05 Feb 2019 16:43:37 GMT" time="576.984" errors="0">
  <testcase name="testAddUserValid" time="33.303" classname="sprint0.EmployessAddEmployee"/>
  <testcase name="testAddUserValid" time="28.965" classname="sprint0.EmployessAddEmployee"/>
  <testcase name="testAddUserValid" time="31.149" classname="sprint0.EmployessAddEmployee"/>
  <testcase name="testAddUserValid" time="30.134" classname="sprint0.EmployessAddEmployee"/>
  <testcase name="testAddUserValid" time="29.958" classname="sprint0.EmployessAddEmployee"/>
  <testcase name="testAddUserValid" time="32.223" classname="sprint0.EmployessAddEmployee"/>
  <testcase name="testAddUserDuplicate" time="32.578" classname="sprint0.EmployessAddEmployee"/>
  <testcase name="testAddUserInvalidData" time="28.185" classname="sprint0.EmployessAddEmployee"/>
  <testcase name="testAddUserInvalidData" time="28.446" classname="sprint0.EmployessAddEmployee"/>
  <testcase name="testAddUserInvalidData" time="30.034" classname="sprint0.EmployessAddEmployee"/>
  <testcase name="testAddUserInvalidData" time="25.245" classname="sprint0.EmployessAddEmployee"/>
  <testcase name="testAddUserInvalidData" time="33.007" classname="sprint0.EmployessAddEmployee"/>
  <testcase name="testAddUserInvalidData" time="26.392" classname="sprint0.EmployessAddEmployee"/>
  <testcase name="testAddUserInvalidData" time="26.584" classname="sprint0.EmployessAddEmployee"/>
  <testcase name="testAddUserInvalidData" time="28.027" classname="sprint0.EmployessAddEmployee"/>
  <testcase name="testAddUserInvalidData" time="24.951" classname="sprint0.EmployessAddEmployee"/>
  <testcase name="testAddUserInvalidData" time="28.453" classname="sprint0.EmployessAddEmployee"/>
  <testcase name="testAddUserInvalidData" time="28.586" classname="sprint0.EmployessAddEmployee"/>
  <testcase name="testAddUserInvalidData" time="25.479" classname="sprint0.EmployessAddEmployee"/>
  <testcase name="testAddUserInvalidData" time="25.285" classname="sprint0.EmployessAddEmployee"/>
</testsuite> <!-- sprint0.EmployessAddEmployee -->
