<?xml version="1.0" encoding="UTF-8"?>
<!-- Generated by org.testng.reporters.JUnitReportReporter -->
<testsuite skipped="0" hostname="mac.local" name="sprint0.EmployeeView" tests="2" failures="0" timestamp="05 Feb 2019 16:43:37 GMT" time="67.146" errors="0">
  <testcase name="testEmployeeView" time="27.468" classname="sprint0.EmployeeView"/>
  <testcase name="testProfileImageUpload" time="39.678" classname="sprint0.EmployeeView"/>
</testsuite> <!-- sprint0.EmployeeView -->
