<?xml version="1.0" encoding="UTF-8"?>
<!-- Generated by org.testng.reporters.JUnitReportReporter -->
<testsuite skipped="0" hostname="mac.local" name="sprint0.DeactivateEmployee" tests="16" failures="0" timestamp="05 Feb 2019 16:43:37 GMT" time="438.810" errors="0">
  <testcase name="testDeactivateEmployee" time="32.932" classname="sprint0.DeactivateEmployee"/>
  <testcase name="testDeactivateEmployee" time="29.722" classname="sprint0.DeactivateEmployee"/>
  <testcase name="testDeactivateEmployee" time="26.097" classname="sprint0.DeactivateEmployee"/>
  <testcase name="testDeactivateEmployee" time="26.238" classname="sprint0.DeactivateEmployee"/>
  <testcase name="testEditDeactivateEmployee" time="31.780" classname="sprint0.DeactivateEmployee"/>
  <testcase name="testEditDeactivateEmployee" time="29.817" classname="sprint0.DeactivateEmployee"/>
  <testcase name="testEditDeactivateEmployee" time="28.288" classname="sprint0.DeactivateEmployee"/>
  <testcase name="testEditDeactivateEmployee" time="29.895" classname="sprint0.DeactivateEmployee"/>
  <testcase name="testSearchName" time="25.278" classname="sprint0.DeactivateEmployee"/>
  <testcase name="testSearchName" time="23.802" classname="sprint0.DeactivateEmployee"/>
  <testcase name="testSearchName" time="27.533" classname="sprint0.DeactivateEmployee"/>
  <testcase name="testSearchName" time="24.755" classname="sprint0.DeactivateEmployee"/>
  <testcase name="testRestoreEmployee" time="26.203" classname="sprint0.DeactivateEmployee"/>
  <testcase name="testRestoreEmployee" time="26.610" classname="sprint0.DeactivateEmployee"/>
  <testcase name="testRestoreEmployee" time="24.428" classname="sprint0.DeactivateEmployee"/>
  <testcase name="testRestoreEmployee" time="25.432" classname="sprint0.DeactivateEmployee"/>
</testsuite> <!-- sprint0.DeactivateEmployee -->
