<?xml version="1.0" encoding="UTF-8"?>
<!-- Generated by org.testng.reporters.JUnitReportReporter -->
<testsuite skipped="0" hostname="mac.local" name="sprint0.EmployeeLoginAs" tests="1" failures="0" timestamp="05 Feb 2019 16:43:37 GMT" time="34.429" errors="0">
  <testcase name="testLoginAsValid" time="34.429" classname="sprint0.EmployeeLoginAs"/>
</testsuite> <!-- sprint0.EmployeeLoginAs -->
