<?xml version="1.0" encoding="UTF-8"?>
<!-- Generated by org.testng.reporters.JUnitReportReporter -->
<testsuite skipped="0" hostname="PDCLT01PC0UBVL7" name="sprint0.EmployeeSearchLoginAs" tests="1" failures="0" timestamp="14 Jan 2019 10:17:53 GMT" time="42.392" errors="0">
  <testcase name="testLoginAsValid" time="42.392" classname="sprint0.EmployeeSearchLoginAs"/>
</testsuite> <!-- sprint0.EmployeeSearchLoginAs -->
