<?xml version="1.0" encoding="UTF-8"?>
<!-- Generated by org.testng.reporters.JUnitReportReporter -->
<testsuite skipped="0" hostname="mac.local" name="sprint0.EmployeeSearch" tests="3" failures="0" timestamp="05 Feb 2019 16:43:37 GMT" time="84.188" errors="0">
  <testcase name="testSearchName" time="27.152" classname="sprint0.EmployeeSearch"/>
  <testcase name="testSearchLastname" time="28.598" classname="sprint0.EmployeeSearch"/>
  <testcase name="testSearchInvalid" time="28.438" classname="sprint0.EmployeeSearch"/>
</testsuite> <!-- sprint0.EmployeeSearch -->
